Build started 10/09/2012 15:18:41.
     1>Project "C:\Documents and Settings\Phi\GitHub\MMF2Exts\DarkEDIF\Bluewing Client\DarkEDIF - Bluewing Client.vcxproj" on node 2 (rebuild target(s)).
     1>InitializeBuildStatus:
         Creating ".\Runtime\DarkEDIF - Bluewing Client.unsuccessfulbuild" because "AlwaysCreate" was specified.
       ClCompile:
         c:\Program Files\Microsoft Visual Studio\VS 2010\VC\bin\CL.exe /c /I..\Inc /I.\ /I..\Lib\Lacewing /Zi /nologo /W3 /WX- /MP /O1 /Ob1 /Oy- /D COXSDK /D IN_EXT_VERSION2 /D _CRT_SECURE_NO_WARNINGS /D _CRT_SECURE_NO_DEPRECATE /D _WINDOWS /D RUN_ONLY /D _VC80_UPGRADE=0x0600 /D _WINDLL /GF /Gm- /EHa /MT /GS /Gy /fp:precise /Zc:wchar_t /Zc:forScope /GR /Fo".\Runtime\\" /Fd".\Runtime\vc100.pdb" /Gd /TP /analyze- /errorReport:prompt ..\Lib\Lacewing\Address.cc ..\Lib\Lacewing\Error.cc ..\Lib\Lacewing\Filter.cc ..\Lib\Lacewing\FlashPolicy.cc ..\Lib\Lacewing\Global.cc ..\Lib\Lacewing\relay\RelayClient.cc ..\Lib\Lacewing\relay\RelayServer.cc ..\Lib\Lacewing\SpinSync.cc ..\Lib\Lacewing\Sync.cc ..\Lib\Lacewing\Thread.cc ..\Lib\Lacewing\windows\Client.cc ..\Lib\Lacewing\windows\Event.cc ..\Lib\Lacewing\windows\EventPump.cc ..\Lib\Lacewing\windows\Server.cc ..\Lib\Lacewing\windows\Timer.cc ..\Lib\Lacewing\windows\UDP.cc ..\Lib\DarkEdif.cpp ..\Lib\ObjectSelection.cpp Actions.cpp Conditions.cpp Edittime.cpp Expressions.cpp Extension.cpp General.cpp LacewingFunctions.cpp Runtime.cpp ..\Lib\Edif.cpp ..\Lib\Edif.Edittime.cpp ..\Lib\Edif.General.cpp ..\Lib\Edif.Runtime.cpp
         Address.cc
         Error.cc
         Filter.cc
         FlashPolicy.cc
         Global.cc
         RelayClient.cc
         RelayServer.cc
         SpinSync.cc
         Sync.cc
         Thread.cc
         Client.cc
         Event.cc
         EventPump.cc
         Server.cc
         Timer.cc
         UDP.cc
         DarkEdif.cpp
         ObjectSelection.cpp
         Actions.cpp
         Conditions.cpp
         Edittime.cpp
         Expressions.cpp
         Extension.cpp
         General.cpp
         LacewingFunctions.cpp
         Runtime.cpp
         Edif.cpp
         Edif.Edittime.cpp
         Edif.General.cpp
         Note: Is forced-char incompatible with Unicode?
         Edif.Runtime.cpp
         c:\Program Files\Microsoft Visual Studio\VS 2010\VC\bin\CL.exe /c /I..\Inc /I.\ /I..\Lib\Lacewing /Zi /nologo /W3 /WX- /MP /O1 /Ob1 /Oy- /D COXSDK /D IN_EXT_VERSION2 /D _CRT_SECURE_NO_WARNINGS /D _CRT_SECURE_NO_DEPRECATE /D _WINDOWS /D RUN_ONLY /D _VC80_UPGRADE=0x0600 /D _WINDLL /GF /Gm- /EHa /MT /GS /Gy /fp:precise /Zc:wchar_t /Zc:forScope /GR /Fo".\Runtime\\" /Fd".\Runtime\vc100.pdb" /Gd /TC /analyze- /errorReport:prompt ..\Lib\json.c
         json.c
       ResourceCompile:
         C:\Program Files\Microsoft SDKs\Windows\v7.0A\bin\rc.exe /D NDEBUG /D RUN_ONLY /D _VC80_UPGRADE=0x0600 /l"0x0409" /I..\Inc /nologo /fo".\Runtime\Ext.res" Ext.rc 
       MakeDirsForLink:
         Creating directory "C:\Documents and Settings\Phi\GitHub\MMF2Exts\DarkEDIF\Bluewing Client\..\..\MFX\Data\Runtime".
       Link:
         c:\Program Files\Microsoft Visual Studio\VS 2010\VC\bin\link.exe /ERRORREPORT:PROMPT /OUT:"C:\Documents and Settings\Phi\GitHub\MMF2Exts\DarkEDIF\Bluewing Client\..\..\MFX\Data\Runtime\DarkEDIF - Bluewing Client.mfx" /INCREMENTAL:NO /NOLOGO /LIBPATH:..\Lib\ kernel32.lib user32.lib gdi32.lib winspool.lib comdlg32.lib advapi32.lib shell32.lib ole32.lib oleaut32.lib uuid.lib mmfs2.lib kernel32.lib user32.lib gdi32.lib winspool.lib comdlg32.lib advapi32.lib shell32.lib ole32.lib oleaut32.lib uuid.lib odbc32.lib odbccp32.lib /DEF:".\Ext.def" /MANIFEST:NO /PDB:".\Runtime\Template.pdb" /TLBID:1 /DYNAMICBASE:NO /IMPLIB:".\Runtime\Template.lib" /MACHINE:X86 /DLL .\Runtime\Ext.res
         .\Runtime\Address.obj
         .\Runtime\Error.obj
         .\Runtime\Filter.obj
         .\Runtime\FlashPolicy.obj
         .\Runtime\Global.obj
         .\Runtime\RelayClient.obj
         .\Runtime\RelayServer.obj
         .\Runtime\SpinSync.obj
         .\Runtime\Sync.obj
         .\Runtime\Thread.obj
         .\Runtime\Client.obj
         .\Runtime\Event.obj
         .\Runtime\EventPump.obj
         .\Runtime\Server.obj
         .\Runtime\Timer.obj
         .\Runtime\UDP.obj
         .\Runtime\DarkEdif.obj
         .\Runtime\ObjectSelection.obj
         .\Runtime\Actions.obj
         .\Runtime\Conditions.obj
         .\Runtime\Edittime.obj
         .\Runtime\Expressions.obj
         .\Runtime\Extension.obj
         .\Runtime\General.obj
         .\Runtime\LacewingFunctions.obj
         .\Runtime\Runtime.obj
         .\Runtime\Edif.obj
         .\Runtime\Edif.Edittime.obj
         .\Runtime\Edif.General.obj
         .\Runtime\Edif.Runtime.obj
         .\Runtime\json.obj
            Creating library .\Runtime\Template.lib and object .\Runtime\Template.exp
         DarkEDIF - Bluewing Client.vcxproj -> C:\Documents and Settings\Phi\GitHub\MMF2Exts\DarkEDIF\Bluewing Client\.\Runtime\DarkEDIF - Bluewing Client.dll
       FinalizeBuildStatus:
         Deleting file ".\Runtime\DarkEDIF - Bluewing Client.unsuccessfulbuild".
         Touching ".\Runtime\DarkEDIF - Bluewing Client.lastbuildstate".
     1>Done Building Project "C:\Documents and Settings\Phi\GitHub\MMF2Exts\DarkEDIF\Bluewing Client\DarkEDIF - Bluewing Client.vcxproj" (rebuild target(s)).

Build succeeded.

Time Elapsed 00:00:05.40
